<?xml version="1.0" encoding="UTF-8"?>
<!-- Generated by org.testng.reporters.JUnitXMLReporter -->
<testsuite ignored="0" hostname="DESKTOP-LL2RGL5" failures="1" tests="3" name="Test" time="24.36" errors="0" timestamp="2021-07-27T22:55:10 IST">
  <testcase classname="ram_raj.Rvavan" name="freeCrmTitleTest" time="0.041"/>
  <testcase classname="ram_raj.Rvavan" name="freemCRMLogoTest" time="3.008"/>
  <testcase classname="ram_raj.Prop" name="getprop" time="0.0">
    <failure type="org.testng.TestNGException" message="
Cannot inject @Test annotated Method [getprop] with [interface org.openqa.selenium.WebDriver].
For more information on native dependency injection please refer to https://testng.org/doc/documentation-main.html#native-dependency-injection">
      <![CDATA[org.testng.TestNGException: 
Cannot inject @Test annotated Method [getprop] with [interface org.openqa.selenium.WebDriver].
For more information on native dependency injection please refer to https://testng.org/doc/documentation-main.html#native-dependency-injection
at java.base/java.util.ArrayList.forEach(ArrayList.java:1510)
... Removed 26 stack frames]]>
    </failure>
  </testcase> <!-- getprop -->
</testsuite> <!-- Test -->
